<?xml version="1.0" encoding="UTF-8"?>
<testsuite xmlns:xsi="http://www.w3.org/2001/XMLSchema-instance" xsi:noNamespaceSchemaLocation="https://maven.apache.org/surefire/maven-surefire-plugin/xsd/surefire-test-report.xsd" version="3.0.2" name="TestSuite" time="12.978" tests="1" errors="0" skipped="0" failures="0">
  <properties>
[...]
</properties>
  <testcase name="verifySuccessfulPurchaseOfValidProduct" classname="com.it360.qa.TestCases.PaymentTest" time="5.716">
    <system-out><![CDATA[16:13:29.059 [main] DEBUG org.testng.TestNG - suiteXmlPath: "/Users/danilodeiana/eclipse-workspace/IT360_Framework/testng.xml"
]]></system-out>
  </testcase>
</testsuite>